2019-12-14 16:42:40,140 desired_caps.py[line:27] INFO start run app ...
2019-12-14 16:52:56,097 desired_caps.py[line:27] INFO start run app ...
2019-12-17 17:05:41,046 desired_caps.py[line:27] INFO start run app ...
2019-12-17 17:06:22,757 desired_caps.py[line:27] INFO start run app ...
2019-12-21 14:22:50,174 desired_caps.py[line:27] INFO start run app ...
2019-12-21 14:24:35,280 desired_caps.py[line:27] INFO start run app ...
2019-12-21 14:28:41,598 desired_caps.py[line:27] INFO start run app ...
2019-12-21 14:29:21,080 desired_caps.py[line:27] INFO start run app ...
2019-12-25 17:09:45,788 desired_caps.py[line:27] INFO start run app ...
2019-12-25 17:31:15,623 desired_caps.py[line:28] INFO start run app ...
2019-12-25 17:32:17,954 desired_caps.py[line:28] INFO start run app ...
2019-12-25 17:47:10,793 desired_caps.py[line:28] INFO start run app ...
2019-12-26 20:28:02,159 desired_caps.py[line:28] INFO start run app ...
2019-12-26 20:30:40,551 desired_caps.py[line:28] INFO start run app ...
2019-12-26 20:30:52,508 common_fun.py[line:17] INFO ===================check updateBtn===================
2019-12-26 20:30:53,117 common_fun.py[line:23] INFO click cancelBtn
2019-12-26 20:30:53,824 common_fun.py[line:26] INFO ===================check skipBtn===================
2019-12-26 20:30:53,835 common_fun.py[line:32] INFO click skipBtn
2019-12-26 20:30:53,846 loginView.py[line:26] INFO ============login_action==============
2019-12-26 20:30:53,846 loginView.py[line:27] INFO username is:ljr456
2019-12-26 20:30:55,424 loginView.py[line:30] INFO password is:ljr123456
2019-12-26 20:30:55,953 loginView.py[line:33] INFO click loginBtn
2019-12-26 20:30:56,455 loginView.py[line:35] INFO login finished!
2019-12-26 20:30:56,455 loginView.py[line:48] INFO ====check_loginStatus======
2019-12-26 20:30:56,455 common_fun.py[line:65] INFO ===================check market ad===================
2019-12-26 20:31:01,473 loginView.py[line:38] INFO =====check_account_alert====
2019-12-26 20:31:06,892 loginView.py[line:61] INFO login success!
2019-12-26 20:31:06,892 loginView.py[line:66] INFO =====logout_action======
2019-12-26 20:32:01,579 desired_caps.py[line:28] INFO start run app ...
2019-12-26 20:32:13,901 common_fun.py[line:17] INFO ===================check updateBtn===================
2019-12-26 20:32:14,621 common_fun.py[line:23] INFO click cancelBtn
2019-12-26 20:32:14,633 common_fun.py[line:26] INFO ===================check skipBtn===================
2019-12-26 20:32:14,689 common_fun.py[line:32] INFO click skipBtn
2019-12-26 20:32:15,288 registerView.py[line:44] INFO ======register_action======
2019-12-26 20:32:16,114 registerView.py[line:47] INFO set userhead
2019-12-26 20:33:10,155 desired_caps.py[line:28] INFO start run app ...
2019-12-26 20:33:22,230 common_fun.py[line:17] INFO ===================check updateBtn===================
2019-12-26 20:33:22,932 common_fun.py[line:23] INFO click cancelBtn
2019-12-26 20:33:23,599 common_fun.py[line:26] INFO ===================check skipBtn===================
2019-12-26 20:33:23,607 common_fun.py[line:32] INFO click skipBtn
2019-12-26 20:33:23,620 registerView.py[line:44] INFO ======register_action======
2019-12-26 20:33:24,458 registerView.py[line:52] INFO username is ljr2019fly2635
2019-12-26 20:33:25,817 registerView.py[line:55] INFO password is ljr20194301
2019-12-26 20:33:26,328 registerView.py[line:58] INFO email is 13144823243@163.com
2019-12-26 20:33:32,949 registerView.py[line:66] ERROR register fail !
2019-12-26 20:33:32,949 common_fun.py[line:57] INFO get register fail screenshot
